# HV LOG FORMAT RELEASE 1.0
#
# BEGIN COMMAND LINE ARGUMENTS
#
D:/Documents/ULB/Science_de_lenvironnement-Master2/Memoire/geopsypack-win64-3.4.2/bin/geopsy.exe  $*
exit $?
#
# END COMMAND LINE ARGUMENTS
#
#
# BEGIN SOFTWARE VERSION
#
  Qt                  5.12.3
  QGpCoreTools        2.4.2 from 3.4.2
      (commit 33d7a93616e30a3d511fa67ad3f5da9da1a4aac6)
  QGpCoreMath         1.4.2 from 3.4.2
      (commit 306e3c199829ace6cbde6b242503355428580d05)
  GeopsyCore          4.4.2 from 3.4.2
      (commit 583bacf54d7367d6c29796a28c8179b98d88e28a)
  QGpGuiTools         2.4.2 from 3.4.2
      (commit 478ff49d6d6ec28d92b21ec9bfcef9f5d343b065)
  SciFigs             3.3.2 from 3.4.2
      (commit cec1d051784e8ee1d9774230fb96c1bb0b618aa0)
  QGpGuiMath          1.3.1 from 3.4.2
      (commit 8e80e068f4f3b16a30e8fb8dff21177f25a58da6)
  GeopsyGui           3.4.1 from 3.4.2
      (commit 905aba82a1928b07b3fd61dec384b9448698c80b)
  GeopsySLink         2.0.3 from 3.4.2
      (commit 2f01f562d775a4ddcdfc6a3b388c2ecb0cbb3a9a)
  GeopsySLinkGui      2.0.2 from 3.4.2
      (commit f6e61f2761b9ab1fa13c821e2a94732db60abf4f)
  geopsy              3.3.3 from 3.4.2
      (commit fb3d54b85a28e6ba741794e0cb6666d0b25c0167)
  campbelltob3        1.0.1 from 3.4.2
      (commit 6e12f8024f0a052e430878492367702311588147)
  DinverCore          1.3.1 from 3.4.2
      (commit 7a17c1522ca1f626c89f2c1e87759f6b4a9311d4)
  QGpCoreWave         2.2.0 from 3.4.2
      (commit 18e08f9fd358a9e504047ec288ca4ab71a7c9851)
  QGpCompatibility    1.1.2 from 3.4.2
      (commit 3e05f6333687b574d4a18fb4336decd9efbe3efa)
  DinverDCCore        2.2.0 from 3.4.2
      (commit 654cab13b392853128bb5fa90891ecf10b5c3f0c)
  QGpCoreStat         1.2.2 from 3.4.2
      (commit 4ed49581fb9dfbf824223fae61af336330486596)
  ArrayCore           4.1.2 from 3.4.2
      (commit 85e1ce3b5a43ddb8cc16df7c31094c7c98a82104)
  QGpGuiWave          1.2.1 from 3.4.2
      (commit 2889d6a23de9671c33c0ae088b33e537035df26f)
  ArrayGui            1.3.0 from 3.4.2
      (commit bb09428d0df9ad7ab7996d50f8ac067b450a9bec)
  geopsyarray         3.2.4 from 3.4.2
      (commit 243028ab672fff396c683ed677c1dd4a1cc6a99b)
  geopsydamping       2.1.3 from 3.4.2
      (commit 2be6cba7701efb6e8c1a20c940cffe08f04ffcd2)
  HVCore              1.1.2 from 3.4.2
      (commit a76eb646e633a11fe6b411d1112c55e3c9107de4)
  HVGui               1.1.0 from 3.4.2
      (commit a66df7fe63f6c9107cfffcd4fa86d4f9893fec16)
  geopsyhv            4.0.2 from 3.4.2
      (commit ecd96a31c8abadf86bcbae0dd02bb37935b26dc7)
  geopsynr            1.1.1 from 3.4.2
      (commit f149a70197f8622e594ecec09f55068ecabcfc33)
  geopsyptmotion      2.0.3 from 3.4.2
      (commit c82034566f860b11afdc973ca84ef0027af6cf95)
  geopsyrefra         2.0.2 from 3.4.2
      (commit 807393bf66c9762a914de2cbc8c43813d8ae4227)
  geopsytfa           2.1.1 from 3.4.2
      (commit b87f1cb860bedfd6fb8d0439e749dd7464b26a24)
  hvtfa               2.1.3 from 3.4.2
      (commit fa8612a089e30f0bd72192724ee1ebe5fb4080b5)
  matfiles            1.0.3 from 3.4.2
      (commit aa4bbdecc6f645ece0598270993e17766e4c7b32)
  phaseit             1.0.2 from 3.4.2
      (commit 266b229edcf7986948d6d3f3940a154229b45f91)
#
# END SOFTWARE VERSION
#
#
# BEGIN SIGNAL LIST
#
DATA_BASE=D:/Documents/ULB/Science_de_lenvironnement-Master2/Memoire/FieldworkChaumontG/Transect_1_HVSR/TRANSECT1.gpy
[COMP 0]
 [SIG 0] D:/Documents/ULB/Science_de_lenvironnement-Master2/Memoire/FieldworkChaumontG/chaumont/453004512..0.0001.2023.11.10.11.16.02.000.Z.miniseed at index 0 (ID=12)
[COMP 1]
 [SIG 0] D:/Documents/ULB/Science_de_lenvironnement-Master2/Memoire/FieldworkChaumontG/chaumont/453004512..0.0001.2023.11.10.11.16.02.000.N.miniseed at index 0 (ID=11)
[COMP 2]
 [SIG 0] D:/Documents/ULB/Science_de_lenvironnement-Master2/Memoire/FieldworkChaumontG/chaumont/453004512..0.0001.2023.11.10.11.16.02.000.E.miniseed at index 0 (ID=10)
#
# END SIGNAL LIST
#
#
# BEGIN PARAMETERS
#
# Version 0: all files generated with releases before 20170901 (default for input)
PARAMETERS_VERSION=1
# TYPEs:
#   - Signal: from the start or to the end of signal (TEXT are useless)
#   - Delta: a fixed duration counted from the start or the end (e.g. TEXT=1h).
#   - Pick: from or to a time pick (TEXT=time pick name).
#   - Absolute: from or to a fixed time (e.g. TEXT=20170314115338.00)
FROM_TIME_TYPE=Signal
FROM_TIME_TEXT=0s
# TYPEs: Signal, Delta, Absolute
TO_TIME_TYPE=Signal
TO_TIME_TEXT=0s
REFERENCE=
COMMON_TIME_WINDOWS=false
# TYPEs: Exactly, AtLeast, FrequencyDependent
WINDOW_LENGTH_TYPE=Exactly
WINDOW_MIN_LENGTH(s)=60
WINDOW_MAX_LENGTH(s)=60
WINDOW_MAX_COUNT=0
# Length of time windows are adjusted to avoid a prime number of samples which
# slows down the FFT computation. Usually a maximum prime 11 in the prime factorization
# of the number of samples is a good compromise between the speed and the lenght inaccuracy
# Leave as zero to allow any prime number factorization.
WINDOW_MAXIMUM_PRIME_FACTOR=11
BAD_SAMPLE_TOLERANCE (s)=0
BAD_SAMPLE_GAP (s)=0
WINDOW_OVERLAP (%)=5
# TYPEs: NoSampleThreshold, RelativeSampleThreshold, AbsoluteSampleThreshold
BAD_SAMPLE_THRESHOLD_TYPE=RelativeSampleThreshold
BAD_SAMPLE_THRESHOLD_VALUE (%)=0.4
ANTI-TRIGGERING_ON_RAW_SIGNAL (y/n)=n
ANTI-TRIGGERING_ON_FILTERED_SIGNAL (y/n)=n
# Start a time window for each seismic event available inside the time range.
SEISMIC_EVENT_TRIGGER (y/n)=n
SEISMIC_EVENT_DELAY (s)=-0.1
WINDOW_TYPE=Tukey
WINDOW_REVERSED=n
WINDOW_ALPHA=0.1
SMOOTHING_METHOD=Function
SMOOTHING_WIDTH_TYPE=Constant
SMOOTHING_WIDTH=1
# Describes the way values are summed: on a linear, log or inversed scale
SMOOTHING_SCALE_TYPE=Log
SMOOTHING_WINDOW_TYPE=KonnoOhmachi
SMOOTHING_WINDOW_REVERSED=n
MINIMUM_FREQUENCY=0.5
MAXIMUM_FREQUENCY=500
# Either 'Linear', 'Log' or 'Inversed'
SCALE_TYPE_FREQUENCY=Log
# Number of samples is either set to a fixed value ('Count') or through a step between samples ('Step')'
STEP_TYPE_FREQUENCY=Step
SAMPLES_NUMBER_FREQUENCY=142
# STEP=difference between two successive samples for 'linear' scales
# STEP=ratio between two successive samples for 'log' scales
# STEP=difference between two successive inversed samples for 'inversed' scales
STEP_FREQUENCY=1.05
HIGH_PASS_FREQUENCY=0
# Possible values for HORIZONTAL_COMPONENTS: Squared, Energy, Azimuth, Geometric
HORIZONTAL_COMPONENTS=Geometric
# HORIZONTAL_AZIMUTH is used only when HORIZONTAL_COMPONENTS==Azimuth
HORIZONTAL_AZIMUTH=0
# Used only for rotated output
ROTATION_STEP=10
# Frequency domain window rejection (Cox et al. (2020, GJI)
FREQUENCY_WINDOW_REJECTION_MINIMUM_FREQUENCY=0.0001
FREQUENCY_WINDOW_REJECTION_MAXIMUM_FREQUENCY=5000
FREQUENCY_WINDOW_REJECTION_STDDEV_FACTOR=2
FREQUENCY_WINDOW_REJECTION_MAXIMUM_ITERATIONS=50
#
# END PARAMETERS
#
#
# BEGIN WINDOWING LOG
#
Automatic windowing
#
# END WINDOWING LOG
#
#
# BEGIN WINDOW LIST
#
# Number= 56
# Start time 	 End Time 	 Window length
20231110111738.035000	20231110111838.035000	60
20231110111835.036000	20231110111935.036000	60
20231110111932.037000	20231110112032.037000	60
20231110112052.260000	20231110112152.260000	60
20231110112342.409000	20231110112442.409000	60
20231110112508.101000	20231110112608.101000	60
20231110112724.574000	20231110112824.574000	60
20231110112835.012000	20231110112935.012000	60
20231110113007.102000	20231110113107.102000	60
20231110113118.006000	20231110113218.006000	60
20231110113247.235000	20231110113347.235000	60
20231110113344.236000	20231110113444.236000	60
20231110113441.237000	20231110113541.237000	60
20231110113604.905000	20231110113704.905000	60
20231110113701.906000	20231110113801.906000	60
20231110113758.907000	20231110113858.907000	60
20231110113859.456000	20231110113959.456000	60
20231110114218.437000	20231110114318.437000	60
20231110114438.684000	20231110114538.684000	60
20231110114535.685000	20231110114635.685000	60
20231110114632.686000	20231110114732.686000	60
20231110114729.687000	20231110114829.687000	60
20231110114952.037000	20231110115052.037000	60
20231110115117.085000	20231110115217.085000	60
20231110115320.852000	20231110115420.852000	60
20231110115417.853000	20231110115517.853000	60
20231110115559.869000	20231110115659.869000	60
20231110115747.943000	20231110115847.943000	60
20231110115844.944000	20231110115944.944000	60
20231110115941.945000	20231110120041.945000	60
20231110120038.946000	20231110120138.946000	60
20231110120135.947000	20231110120235.947000	60
20231110120232.948000	20231110120332.948000	60
20231110120405.880000	20231110120505.880000	60
20231110120612.038000	20231110120712.038000	60
20231110120709.039000	20231110120809.039000	60
20231110120806.040000	20231110120906.040000	60
20231110121003.675000	20231110121103.675000	60
20231110121156.891000	20231110121256.891000	60
20231110121253.892000	20231110121353.892000	60
20231110121350.893000	20231110121450.893000	60
20231110121729.029000	20231110121829.029000	60
20231110121826.030000	20231110121926.030000	60
20231110121923.031000	20231110122023.031000	60
20231110122027.839000	20231110122127.839000	60
20231110122124.840000	20231110122224.840000	60
20231110122221.841000	20231110122321.841000	60
20231110122318.842000	20231110122418.842000	60
20231110122458.719000	20231110122558.719000	60
20231110122555.720000	20231110122655.720000	60
20231110122652.721000	20231110122752.721000	60
20231110122840.809000	20231110122940.809000	60
20231110122937.810000	20231110123037.810000	60
20231110123047.988000	20231110123147.988000	60
20231110123144.989000	20231110123244.989000	60
20231110123408.531000	20231110123508.531000	60
#
# END WINDOW LIST
#
