# HV LOG FORMAT RELEASE 1.0
#
# BEGIN COMMAND LINE ARGUMENTS
#
D:/Documents/ULB/Science_de_lenvironnement-Master2/Memoire/geopsypack-win64-3.4.2/bin/geopsy.exe  $*
exit $?
#
# END COMMAND LINE ARGUMENTS
#
#
# BEGIN SOFTWARE VERSION
#
  Qt                  5.12.3
  QGpCoreTools        2.4.2 from 3.4.2
      (commit 33d7a93616e30a3d511fa67ad3f5da9da1a4aac6)
  QGpCoreMath         1.4.2 from 3.4.2
      (commit 306e3c199829ace6cbde6b242503355428580d05)
  GeopsyCore          4.4.2 from 3.4.2
      (commit 583bacf54d7367d6c29796a28c8179b98d88e28a)
  QGpGuiTools         2.4.2 from 3.4.2
      (commit 478ff49d6d6ec28d92b21ec9bfcef9f5d343b065)
  SciFigs             3.3.2 from 3.4.2
      (commit cec1d051784e8ee1d9774230fb96c1bb0b618aa0)
  QGpGuiMath          1.3.1 from 3.4.2
      (commit 8e80e068f4f3b16a30e8fb8dff21177f25a58da6)
  GeopsyGui           3.4.1 from 3.4.2
      (commit 905aba82a1928b07b3fd61dec384b9448698c80b)
  GeopsySLink         2.0.3 from 3.4.2
      (commit 2f01f562d775a4ddcdfc6a3b388c2ecb0cbb3a9a)
  GeopsySLinkGui      2.0.2 from 3.4.2
      (commit f6e61f2761b9ab1fa13c821e2a94732db60abf4f)
  geopsy              3.3.3 from 3.4.2
      (commit fb3d54b85a28e6ba741794e0cb6666d0b25c0167)
  campbelltob3        1.0.1 from 3.4.2
      (commit 6e12f8024f0a052e430878492367702311588147)
  DinverCore          1.3.1 from 3.4.2
      (commit 7a17c1522ca1f626c89f2c1e87759f6b4a9311d4)
  QGpCoreWave         2.2.0 from 3.4.2
      (commit 18e08f9fd358a9e504047ec288ca4ab71a7c9851)
  QGpCompatibility    1.1.2 from 3.4.2
      (commit 3e05f6333687b574d4a18fb4336decd9efbe3efa)
  DinverDCCore        2.2.0 from 3.4.2
      (commit 654cab13b392853128bb5fa90891ecf10b5c3f0c)
  QGpCoreStat         1.2.2 from 3.4.2
      (commit 4ed49581fb9dfbf824223fae61af336330486596)
  ArrayCore           4.1.2 from 3.4.2
      (commit 85e1ce3b5a43ddb8cc16df7c31094c7c98a82104)
  QGpGuiWave          1.2.1 from 3.4.2
      (commit 2889d6a23de9671c33c0ae088b33e537035df26f)
  ArrayGui            1.3.0 from 3.4.2
      (commit bb09428d0df9ad7ab7996d50f8ac067b450a9bec)
  geopsyarray         3.2.4 from 3.4.2
      (commit 243028ab672fff396c683ed677c1dd4a1cc6a99b)
  geopsydamping       2.1.3 from 3.4.2
      (commit 2be6cba7701efb6e8c1a20c940cffe08f04ffcd2)
  HVCore              1.1.2 from 3.4.2
      (commit a76eb646e633a11fe6b411d1112c55e3c9107de4)
  HVGui               1.1.0 from 3.4.2
      (commit a66df7fe63f6c9107cfffcd4fa86d4f9893fec16)
  geopsyhv            4.0.2 from 3.4.2
      (commit ecd96a31c8abadf86bcbae0dd02bb37935b26dc7)
  geopsynr            1.1.1 from 3.4.2
      (commit f149a70197f8622e594ecec09f55068ecabcfc33)
  geopsyptmotion      2.0.3 from 3.4.2
      (commit c82034566f860b11afdc973ca84ef0027af6cf95)
  geopsyrefra         2.0.2 from 3.4.2
      (commit 807393bf66c9762a914de2cbc8c43813d8ae4227)
  geopsytfa           2.1.1 from 3.4.2
      (commit b87f1cb860bedfd6fb8d0439e749dd7464b26a24)
  hvtfa               2.1.3 from 3.4.2
      (commit fa8612a089e30f0bd72192724ee1ebe5fb4080b5)
  matfiles            1.0.3 from 3.4.2
      (commit aa4bbdecc6f645ece0598270993e17766e4c7b32)
  phaseit             1.0.2 from 3.4.2
      (commit 266b229edcf7986948d6d3f3940a154229b45f91)
#
# END SOFTWARE VERSION
#
#
# BEGIN SIGNAL LIST
#
DATA_BASE=D:/Documents/ULB/Science_de_lenvironnement-Master2/Memoire/FieldworkChaumontG/Transect_1_HVSR/TRANSECT1.gpy
[COMP 0]
 [SIG 0] D:/Documents/ULB/Science_de_lenvironnement-Master2/Memoire/FieldworkChaumontG/chaumont/453003484..0.0001.2023.11.10.11.14.45.000.Z.miniseed at index 0 (ID=18)
[COMP 1]
 [SIG 0] D:/Documents/ULB/Science_de_lenvironnement-Master2/Memoire/FieldworkChaumontG/chaumont/453003484..0.0001.2023.11.10.11.14.45.000.N.miniseed at index 0 (ID=17)
[COMP 2]
 [SIG 0] D:/Documents/ULB/Science_de_lenvironnement-Master2/Memoire/FieldworkChaumontG/chaumont/453003484..0.0001.2023.11.10.11.14.45.000.E.miniseed at index 0 (ID=16)
#
# END SIGNAL LIST
#
#
# BEGIN PARAMETERS
#
# Version 0: all files generated with releases before 20170901 (default for input)
PARAMETERS_VERSION=1
# TYPEs:
#   - Signal: from the start or to the end of signal (TEXT are useless)
#   - Delta: a fixed duration counted from the start or the end (e.g. TEXT=1h).
#   - Pick: from or to a time pick (TEXT=time pick name).
#   - Absolute: from or to a fixed time (e.g. TEXT=20170314115338.00)
FROM_TIME_TYPE=Signal
FROM_TIME_TEXT=0s
# TYPEs: Signal, Delta, Absolute
TO_TIME_TYPE=Signal
TO_TIME_TEXT=0s
REFERENCE=
COMMON_TIME_WINDOWS=false
# TYPEs: Exactly, AtLeast, FrequencyDependent
WINDOW_LENGTH_TYPE=Exactly
WINDOW_MIN_LENGTH(s)=60
WINDOW_MAX_LENGTH(s)=60
WINDOW_MAX_COUNT=0
# Length of time windows are adjusted to avoid a prime number of samples which
# slows down the FFT computation. Usually a maximum prime 11 in the prime factorization
# of the number of samples is a good compromise between the speed and the lenght inaccuracy
# Leave as zero to allow any prime number factorization.
WINDOW_MAXIMUM_PRIME_FACTOR=11
BAD_SAMPLE_TOLERANCE (s)=0
BAD_SAMPLE_GAP (s)=0
WINDOW_OVERLAP (%)=5
# TYPEs: NoSampleThreshold, RelativeSampleThreshold, AbsoluteSampleThreshold
BAD_SAMPLE_THRESHOLD_TYPE=RelativeSampleThreshold
BAD_SAMPLE_THRESHOLD_VALUE (%)=0.4
ANTI-TRIGGERING_ON_RAW_SIGNAL (y/n)=n
ANTI-TRIGGERING_ON_FILTERED_SIGNAL (y/n)=n
# Start a time window for each seismic event available inside the time range.
SEISMIC_EVENT_TRIGGER (y/n)=n
SEISMIC_EVENT_DELAY (s)=-0.1
WINDOW_TYPE=Tukey
WINDOW_REVERSED=n
WINDOW_ALPHA=0.1
SMOOTHING_METHOD=Function
SMOOTHING_WIDTH_TYPE=Constant
SMOOTHING_WIDTH=1
# Describes the way values are summed: on a linear, log or inversed scale
SMOOTHING_SCALE_TYPE=Log
SMOOTHING_WINDOW_TYPE=Tukey
SMOOTHING_WINDOW_REVERSED=n
SMOOTHING_WINDOW_ALPHA=0.01
MINIMUM_FREQUENCY=0.5
MAXIMUM_FREQUENCY=500
# Either 'Linear', 'Log' or 'Inversed'
SCALE_TYPE_FREQUENCY=Log
# Number of samples is either set to a fixed value ('Count') or through a step between samples ('Step')'
STEP_TYPE_FREQUENCY=Step
SAMPLES_NUMBER_FREQUENCY=142
# STEP=difference between two successive samples for 'linear' scales
# STEP=ratio between two successive samples for 'log' scales
# STEP=difference between two successive inversed samples for 'inversed' scales
STEP_FREQUENCY=1.05
HIGH_PASS_FREQUENCY=0
# Possible values for HORIZONTAL_COMPONENTS: Squared, Energy, Azimuth, Geometric
HORIZONTAL_COMPONENTS=Geometric
# HORIZONTAL_AZIMUTH is used only when HORIZONTAL_COMPONENTS==Azimuth
HORIZONTAL_AZIMUTH=0
# Used only for rotated output
ROTATION_STEP=10
# Frequency domain window rejection (Cox et al. (2020, GJI)
FREQUENCY_WINDOW_REJECTION_MINIMUM_FREQUENCY=0.0001
FREQUENCY_WINDOW_REJECTION_MAXIMUM_FREQUENCY=5000
FREQUENCY_WINDOW_REJECTION_STDDEV_FACTOR=2
FREQUENCY_WINDOW_REJECTION_MAXIMUM_ITERATIONS=50
#
# END PARAMETERS
#
#
# BEGIN WINDOWING LOG
#
Automatic windowing
#
# END WINDOWING LOG
#
#
# BEGIN WINDOW LIST
#
# Number= 66
# Start time 	 End Time 	 Window length
20231110111445.000000	20231110111545.000000	60
20231110111641.026000	20231110111741.026000	60
20231110111738.027000	20231110111838.027000	60
20231110111843.921000	20231110111943.921000	60
20231110111940.922000	20231110112040.922000	60
20231110112058.635000	20231110112158.635000	60
20231110112155.636000	20231110112255.636000	60
20231110112352.437000	20231110112452.437000	60
20231110112501.722000	20231110112601.722000	60
20231110112558.723000	20231110112658.723000	60
20231110112716.170000	20231110112816.170000	60
20231110112825.360000	20231110112925.360000	60
20231110112945.318000	20231110113045.318000	60
20231110113133.699000	20231110113233.699000	60
20231110113257.061000	20231110113357.061000	60
20231110113354.062000	20231110113454.062000	60
20231110113451.063000	20231110113551.063000	60
20231110113740.481000	20231110113840.481000	60
20231110113909.664000	20231110114009.664000	60
20231110114049.394000	20231110114149.394000	60
20231110114146.395000	20231110114246.395000	60
20231110114243.396000	20231110114343.396000	60
20231110114340.397000	20231110114440.397000	60
20231110114437.398000	20231110114537.398000	60
20231110114534.399000	20231110114634.399000	60
20231110114631.400000	20231110114731.400000	60
20231110114728.401000	20231110114828.401000	60
20231110114825.402000	20231110114925.402000	60
20231110114922.403000	20231110115022.403000	60
20231110115019.404000	20231110115119.404000	60
20231110115125.727000	20231110115225.727000	60
20231110115304.282000	20231110115404.282000	60
20231110115604.425000	20231110115704.425000	60
20231110115802.010000	20231110115902.010000	60
20231110115859.011000	20231110115959.011000	60
20231110115956.012000	20231110120056.012000	60
20231110120053.013000	20231110120153.013000	60
20231110120150.014000	20231110120250.014000	60
20231110120247.015000	20231110120347.015000	60
20231110120355.205000	20231110120455.205000	60
20231110120452.206000	20231110120552.206000	60
20231110120646.032000	20231110120746.032000	60
20231110120743.033000	20231110120843.033000	60
20231110120942.464000	20231110121042.464000	60
20231110121202.711000	20231110121302.711000	60
20231110121259.712000	20231110121359.712000	60
20231110121402.314000	20231110121502.314000	60
20231110121459.315000	20231110121559.315000	60
20231110121717.828000	20231110121817.828000	60
20231110121814.829000	20231110121914.829000	60
20231110121911.830000	20231110122011.830000	60
20231110122037.001000	20231110122137.001000	60
20231110122134.002000	20231110122234.002000	60
20231110122231.003000	20231110122331.003000	60
20231110122328.004000	20231110122428.004000	60
20231110122449.535000	20231110122549.535000	60
20231110122546.536000	20231110122646.536000	60
20231110122643.537000	20231110122743.537000	60
20231110122829.095000	20231110122929.095000	60
20231110122934.751000	20231110123034.751000	60
20231110123040.253000	20231110123140.253000	60
20231110123217.609000	20231110123317.609000	60
20231110123314.610000	20231110123414.610000	60
20231110123419.498000	20231110123519.498000	60
20231110123516.499000	20231110123616.499000	60
20231110123855.734000	20231110123955.734000	60
#
# END WINDOW LIST
#
