# HV LOG FORMAT RELEASE 1.0
#
# BEGIN COMMAND LINE ARGUMENTS
#
D:/Documents/ULB/Science_de_lenvironnement-Master2/Memoire/geopsypack-win64-3.4.2/bin/geopsy.exe  $*
exit $?
#
# END COMMAND LINE ARGUMENTS
#
#
# BEGIN SOFTWARE VERSION
#
  Qt                  5.12.3
  QGpCoreTools        2.4.2 from 3.4.2
      (commit 33d7a93616e30a3d511fa67ad3f5da9da1a4aac6)
  QGpCoreMath         1.4.2 from 3.4.2
      (commit 306e3c199829ace6cbde6b242503355428580d05)
  GeopsyCore          4.4.2 from 3.4.2
      (commit 583bacf54d7367d6c29796a28c8179b98d88e28a)
  QGpGuiTools         2.4.2 from 3.4.2
      (commit 478ff49d6d6ec28d92b21ec9bfcef9f5d343b065)
  SciFigs             3.3.2 from 3.4.2
      (commit cec1d051784e8ee1d9774230fb96c1bb0b618aa0)
  QGpGuiMath          1.3.1 from 3.4.2
      (commit 8e80e068f4f3b16a30e8fb8dff21177f25a58da6)
  GeopsyGui           3.4.1 from 3.4.2
      (commit 905aba82a1928b07b3fd61dec384b9448698c80b)
  GeopsySLink         2.0.3 from 3.4.2
      (commit 2f01f562d775a4ddcdfc6a3b388c2ecb0cbb3a9a)
  GeopsySLinkGui      2.0.2 from 3.4.2
      (commit f6e61f2761b9ab1fa13c821e2a94732db60abf4f)
  geopsy              3.3.3 from 3.4.2
      (commit fb3d54b85a28e6ba741794e0cb6666d0b25c0167)
  campbelltob3        1.0.1 from 3.4.2
      (commit 6e12f8024f0a052e430878492367702311588147)
  DinverCore          1.3.1 from 3.4.2
      (commit 7a17c1522ca1f626c89f2c1e87759f6b4a9311d4)
  QGpCoreWave         2.2.0 from 3.4.2
      (commit 18e08f9fd358a9e504047ec288ca4ab71a7c9851)
  QGpCompatibility    1.1.2 from 3.4.2
      (commit 3e05f6333687b574d4a18fb4336decd9efbe3efa)
  DinverDCCore        2.2.0 from 3.4.2
      (commit 654cab13b392853128bb5fa90891ecf10b5c3f0c)
  QGpCoreStat         1.2.2 from 3.4.2
      (commit 4ed49581fb9dfbf824223fae61af336330486596)
  ArrayCore           4.1.2 from 3.4.2
      (commit 85e1ce3b5a43ddb8cc16df7c31094c7c98a82104)
  QGpGuiWave          1.2.1 from 3.4.2
      (commit 2889d6a23de9671c33c0ae088b33e537035df26f)
  ArrayGui            1.3.0 from 3.4.2
      (commit bb09428d0df9ad7ab7996d50f8ac067b450a9bec)
  geopsyarray         3.2.4 from 3.4.2
      (commit 243028ab672fff396c683ed677c1dd4a1cc6a99b)
  geopsydamping       2.1.3 from 3.4.2
      (commit 2be6cba7701efb6e8c1a20c940cffe08f04ffcd2)
  HVCore              1.1.2 from 3.4.2
      (commit a76eb646e633a11fe6b411d1112c55e3c9107de4)
  HVGui               1.1.0 from 3.4.2
      (commit a66df7fe63f6c9107cfffcd4fa86d4f9893fec16)
  geopsyhv            4.0.2 from 3.4.2
      (commit ecd96a31c8abadf86bcbae0dd02bb37935b26dc7)
  geopsynr            1.1.1 from 3.4.2
      (commit f149a70197f8622e594ecec09f55068ecabcfc33)
  geopsyptmotion      2.0.3 from 3.4.2
      (commit c82034566f860b11afdc973ca84ef0027af6cf95)
  geopsyrefra         2.0.2 from 3.4.2
      (commit 807393bf66c9762a914de2cbc8c43813d8ae4227)
  geopsytfa           2.1.1 from 3.4.2
      (commit b87f1cb860bedfd6fb8d0439e749dd7464b26a24)
  hvtfa               2.1.3 from 3.4.2
      (commit fa8612a089e30f0bd72192724ee1ebe5fb4080b5)
  matfiles            1.0.3 from 3.4.2
      (commit aa4bbdecc6f645ece0598270993e17766e4c7b32)
  phaseit             1.0.2 from 3.4.2
      (commit 266b229edcf7986948d6d3f3940a154229b45f91)
#
# END SOFTWARE VERSION
#
#
# BEGIN SIGNAL LIST
#
DATA_BASE=D:/Documents/ULB/Science_de_lenvironnement-Master2/Memoire/FieldworkChaumontG/Transect_1_HVSR/TRANSECT1.gpy
[COMP 0]
 [SIG 0] D:/Documents/ULB/Science_de_lenvironnement-Master2/Memoire/FieldworkChaumontG/chaumont/453013956..0.0001.2023.11.10.11.12.54.000.Z.miniseed at index 0 (ID=24)
[COMP 1]
 [SIG 0] D:/Documents/ULB/Science_de_lenvironnement-Master2/Memoire/FieldworkChaumontG/chaumont/453013956..0.0001.2023.11.10.11.12.54.000.N.miniseed at index 0 (ID=23)
[COMP 2]
 [SIG 0] D:/Documents/ULB/Science_de_lenvironnement-Master2/Memoire/FieldworkChaumontG/chaumont/453013956..0.0001.2023.11.10.11.12.54.000.E.miniseed at index 0 (ID=22)
#
# END SIGNAL LIST
#
#
# BEGIN PARAMETERS
#
# Version 0: all files generated with releases before 20170901 (default for input)
PARAMETERS_VERSION=1
# TYPEs:
#   - Signal: from the start or to the end of signal (TEXT are useless)
#   - Delta: a fixed duration counted from the start or the end (e.g. TEXT=1h).
#   - Pick: from or to a time pick (TEXT=time pick name).
#   - Absolute: from or to a fixed time (e.g. TEXT=20170314115338.00)
FROM_TIME_TYPE=Signal
FROM_TIME_TEXT=0s
# TYPEs: Signal, Delta, Absolute
TO_TIME_TYPE=Signal
TO_TIME_TEXT=0s
REFERENCE=
COMMON_TIME_WINDOWS=false
# TYPEs: Exactly, AtLeast, FrequencyDependent
WINDOW_LENGTH_TYPE=Exactly
WINDOW_MIN_LENGTH(s)=60
WINDOW_MAX_LENGTH(s)=60
WINDOW_MAX_COUNT=0
# Length of time windows are adjusted to avoid a prime number of samples which
# slows down the FFT computation. Usually a maximum prime 11 in the prime factorization
# of the number of samples is a good compromise between the speed and the lenght inaccuracy
# Leave as zero to allow any prime number factorization.
WINDOW_MAXIMUM_PRIME_FACTOR=11
BAD_SAMPLE_TOLERANCE (s)=0
BAD_SAMPLE_GAP (s)=0
WINDOW_OVERLAP (%)=5
# TYPEs: NoSampleThreshold, RelativeSampleThreshold, AbsoluteSampleThreshold
BAD_SAMPLE_THRESHOLD_TYPE=RelativeSampleThreshold
BAD_SAMPLE_THRESHOLD_VALUE (%)=0.4
ANTI-TRIGGERING_ON_RAW_SIGNAL (y/n)=n
ANTI-TRIGGERING_ON_FILTERED_SIGNAL (y/n)=n
# Start a time window for each seismic event available inside the time range.
SEISMIC_EVENT_TRIGGER (y/n)=n
SEISMIC_EVENT_DELAY (s)=-0.1
WINDOW_TYPE=Tukey
WINDOW_REVERSED=n
WINDOW_ALPHA=0.1
SMOOTHING_METHOD=Function
SMOOTHING_WIDTH_TYPE=Constant
SMOOTHING_WIDTH=1
# Describes the way values are summed: on a linear, log or inversed scale
SMOOTHING_SCALE_TYPE=Log
SMOOTHING_WINDOW_TYPE=KonnoOhmachi
SMOOTHING_WINDOW_REVERSED=n
MINIMUM_FREQUENCY=0.5
MAXIMUM_FREQUENCY=500
# Either 'Linear', 'Log' or 'Inversed'
SCALE_TYPE_FREQUENCY=Log
# Number of samples is either set to a fixed value ('Count') or through a step between samples ('Step')'
STEP_TYPE_FREQUENCY=Step
SAMPLES_NUMBER_FREQUENCY=142
# STEP=difference between two successive samples for 'linear' scales
# STEP=ratio between two successive samples for 'log' scales
# STEP=difference between two successive inversed samples for 'inversed' scales
STEP_FREQUENCY=1.05
HIGH_PASS_FREQUENCY=0
# Possible values for HORIZONTAL_COMPONENTS: Squared, Energy, Azimuth, Geometric
HORIZONTAL_COMPONENTS=Geometric
# HORIZONTAL_AZIMUTH is used only when HORIZONTAL_COMPONENTS==Azimuth
HORIZONTAL_AZIMUTH=0
# Used only for rotated output
ROTATION_STEP=10
# Frequency domain window rejection (Cox et al. (2020, GJI)
FREQUENCY_WINDOW_REJECTION_MINIMUM_FREQUENCY=0.0001
FREQUENCY_WINDOW_REJECTION_MAXIMUM_FREQUENCY=5000
FREQUENCY_WINDOW_REJECTION_STDDEV_FACTOR=2
FREQUENCY_WINDOW_REJECTION_MAXIMUM_ITERATIONS=50
#
# END PARAMETERS
#
#
# BEGIN WINDOWING LOG
#
Automatic windowing
#
# END WINDOWING LOG
#
#
# BEGIN WINDOW LIST
#
# Number= 58
# Start time 	 End Time 	 Window length
20231110111254.000000	20231110111354.000000	60
20231110111415.651000	20231110111515.651000	60
20231110111512.652000	20231110111612.652000	60
20231110111630.031000	20231110111730.031000	60
20231110111850.070000	20231110111950.070000	60
20231110111947.071000	20231110112047.071000	60
20231110112044.072000	20231110112144.072000	60
20231110112141.073000	20231110112241.073000	60
20231110112429.153000	20231110112529.153000	60
20231110112728.149000	20231110112828.149000	60
20231110113006.835000	20231110113106.835000	60
20231110113103.836000	20231110113203.836000	60
20231110113222.928000	20231110113322.928000	60
20231110113319.929000	20231110113419.929000	60
20231110113416.930000	20231110113516.930000	60
20231110113513.931000	20231110113613.931000	60
20231110113610.932000	20231110113710.932000	60
20231110113746.848000	20231110113846.848000	60
20231110114039.945000	20231110114139.945000	60
20231110114259.490000	20231110114359.490000	60
20231110114405.485000	20231110114505.485000	60
20231110114640.112000	20231110114740.112000	60
20231110114737.113000	20231110114837.113000	60
20231110114953.393000	20231110115053.393000	60
20231110115050.394000	20231110115150.394000	60
20231110115439.091000	20231110115539.091000	60
20231110115553.739000	20231110115653.739000	60
20231110115707.474000	20231110115807.474000	60
20231110115817.203000	20231110115917.203000	60
20231110115914.204000	20231110120014.204000	60
20231110120011.205000	20231110120111.205000	60
20231110120108.206000	20231110120208.206000	60
20231110120205.207000	20231110120305.207000	60
20231110120302.208000	20231110120402.208000	60
20231110120359.209000	20231110120459.209000	60
20231110120721.979000	20231110120821.979000	60
20231110120941.899000	20231110121041.899000	60
20231110121208.479000	20231110121308.479000	60
20231110121906.622000	20231110122006.622000	60
20231110122023.812000	20231110122123.812000	60
20231110122144.452000	20231110122244.452000	60
20231110122241.453000	20231110122341.453000	60
20231110122420.181000	20231110122520.181000	60
20231110122517.182000	20231110122617.182000	60
20231110122614.183000	20231110122714.183000	60
20231110122916.861000	20231110123016.861000	60
20231110123013.862000	20231110123113.862000	60
20231110123206.938000	20231110123306.938000	60
20231110123322.728000	20231110123422.728000	60
20231110123432.307000	20231110123532.307000	60
20231110123534.217000	20231110123634.217000	60
20231110123844.354000	20231110123944.354000	60
20231110123941.355000	20231110124041.355000	60
20231110124237.810000	20231110124337.810000	60
20231110124334.811000	20231110124434.811000	60
20231110124431.812000	20231110124531.812000	60
20231110124536.778000	20231110124636.778000	60
20231110124718.905000	20231110124818.905000	60
#
# END WINDOW LIST
#
